Analysis & Synthesis report for lab7part3
Wed Dec 17 18:39:11 2025
Quartus II 64-Bit Version 13.1.0 Build 162 10/23/2013 SJ Web Edition


---------------------
; Table of Contents ;
---------------------
  1. Legal Notice
  2. Analysis & Synthesis Summary
  3. Analysis & Synthesis Settings
  4. Parallel Compilation
  5. Analysis & Synthesis Source Files Read
  6. Analysis & Synthesis Resource Usage Summary
  7. Analysis & Synthesis Resource Utilization by Entity
  8. Analysis & Synthesis RAM Summary
  9. Registers Removed During Synthesis
 10. General Register Statistics
 11. Source assignments for LPM_RAM_DQ:MEMORY|altram:sram|altsyncram:ram_block|altsyncram_qu91:auto_generated
 12. Source assignments for f25lab7_useq:USeq|LPM_ROM:uROM|altrom:srom|altsyncram:rom_block|altsyncram_qsv:auto_generated
 13. Parameter Settings for User Entity Instance: LPM_ADD_SUB:ALU
 14. Parameter Settings for User Entity Instance: LPM_FF:MAR
 15. Parameter Settings for User Entity Instance: LPM_FF:R0
 16. Parameter Settings for User Entity Instance: LPM_FF:R1
 17. Parameter Settings for User Entity Instance: LPM_FF:MDR
 18. Parameter Settings for User Entity Instance: LPM_COUNTER:PC
 19. Parameter Settings for User Entity Instance: LPM_COUNTER:SP
 20. Parameter Settings for User Entity Instance: LPM_FF:IR
 21. Parameter Settings for User Entity Instance: LPM_FF:Z
 22. Parameter Settings for User Entity Instance: LPM_RAM_DQ:MEMORY
 23. Parameter Settings for User Entity Instance: f25lab7_useq:USeq
 24. Parameter Settings for User Entity Instance: f25lab7_useq:USeq|LPM_MUX:uPC_mux
 25. Parameter Settings for User Entity Instance: f25lab7_useq:USeq|LPM_FF:uPC
 26. Parameter Settings for User Entity Instance: f25lab7_useq:USeq|LPM_ROM:uROM
 27. Parameter Settings for User Entity Instance: LPM_MUX:MUX_MDR
 28. Parameter Settings for User Entity Instance: LPM_MUX:MUX_R0
 29. Parameter Settings for User Entity Instance: LPM_MUX:MUX_R1
 30. Parameter Settings for User Entity Instance: LPM_MUX:MUX_MAR
 31. Parameter Settings for User Entity Instance: LPM_MUX:MUX_C
 32. Parameter Settings for User Entity Instance: LPM_MUX:MUX_D
 33. Parameter Settings for User Entity Instance: LPM_MUX:MUX_M
 34. Parameter Settings for User Entity Instance: LPM_MUX:MUX_Z
 35. Port Connectivity Checks: "f25lab7_useq:USeq"
 36. Elapsed Time Per Partition
 37. Analysis & Synthesis Messages



----------------
; Legal Notice ;
----------------
Copyright (C) 1991-2013 Altera Corporation
Your use of Altera Corporation's design tools, logic functions 
and other software and tools, and its AMPP partner logic 
functions, and any output files from any of the foregoing 
(including device programming or simulation files), and any 
associated documentation or information are expressly subject 
to the terms and conditions of the Altera Program License 
Subscription Agreement, Altera MegaCore Function License 
Agreement, or other applicable license agreement, including, 
without limitation, that your use is for the sole purpose of 
programming logic devices manufactured by Altera and sold by 
Altera or its authorized distributors.  Please refer to the 
applicable agreement for further details.



+---------------------------------------------------------------------------------+
; Analysis & Synthesis Summary                                                    ;
+------------------------------------+--------------------------------------------+
; Analysis & Synthesis Status        ; Successful - Wed Dec 17 18:39:11 2025      ;
; Quartus II 64-Bit Version          ; 13.1.0 Build 162 10/23/2013 SJ Web Edition ;
; Revision Name                      ; lab7part3                                  ;
; Top-level Entity Name              ; lab7part3                                  ;
; Family                             ; Cyclone IV E                               ;
; Total logic elements               ; 163                                        ;
;     Total combinational functions  ; 155                                        ;
;     Dedicated logic registers      ; 57                                         ;
; Total registers                    ; 57                                         ;
; Total pins                         ; 106                                        ;
; Total virtual pins                 ; 0                                          ;
; Total memory bits                  ; 9,216                                      ;
; Embedded Multiplier 9-bit elements ; 0                                          ;
; Total PLLs                         ; 0                                          ;
+------------------------------------+--------------------------------------------+


+----------------------------------------------------------------------------------------------------------------------+
; Analysis & Synthesis Settings                                                                                        ;
+----------------------------------------------------------------------------+--------------------+--------------------+
; Option                                                                     ; Setting            ; Default Value      ;
+----------------------------------------------------------------------------+--------------------+--------------------+
; Device                                                                     ; EP4CE115F29C7      ;                    ;
; Top-level entity name                                                      ; lab7part3          ; lab7part3          ;
; Family name                                                                ; Cyclone IV E       ; Cyclone IV GX      ;
; Use smart compilation                                                      ; Off                ; Off                ;
; Enable parallel Assembler and TimeQuest Timing Analyzer during compilation ; On                 ; On                 ;
; Enable compact report table                                                ; Off                ; Off                ;
; Restructure Multiplexers                                                   ; Auto               ; Auto               ;
; Create Debugging Nodes for IP Cores                                        ; Off                ; Off                ;
; Preserve fewer node names                                                  ; On                 ; On                 ;
; Disable OpenCore Plus hardware evaluation                                  ; Off                ; Off                ;
; Verilog Version                                                            ; Verilog_2001       ; Verilog_2001       ;
; VHDL Version                                                               ; VHDL_1993          ; VHDL_1993          ;
; State Machine Processing                                                   ; Auto               ; Auto               ;
; Safe State Machine                                                         ; Off                ; Off                ;
; Extract Verilog State Machines                                             ; On                 ; On                 ;
; Extract VHDL State Machines                                                ; On                 ; On                 ;
; Ignore Verilog initial constructs                                          ; Off                ; Off                ;
; Iteration limit for constant Verilog loops                                 ; 5000               ; 5000               ;
; Iteration limit for non-constant Verilog loops                             ; 250                ; 250                ;
; Add Pass-Through Logic to Inferred RAMs                                    ; On                 ; On                 ;
; Infer RAMs from Raw Logic                                                  ; On                 ; On                 ;
; Parallel Synthesis                                                         ; On                 ; On                 ;
; DSP Block Balancing                                                        ; Auto               ; Auto               ;
; NOT Gate Push-Back                                                         ; On                 ; On                 ;
; Power-Up Don't Care                                                        ; On                 ; On                 ;
; Remove Redundant Logic Cells                                               ; Off                ; Off                ;
; Remove Duplicate Registers                                                 ; On                 ; On                 ;
; Ignore CARRY Buffers                                                       ; Off                ; Off                ;
; Ignore CASCADE Buffers                                                     ; Off                ; Off                ;
; Ignore GLOBAL Buffers                                                      ; Off                ; Off                ;
; Ignore ROW GLOBAL Buffers                                                  ; Off                ; Off                ;
; Ignore LCELL Buffers                                                       ; Off                ; Off                ;
; Ignore SOFT Buffers                                                        ; On                 ; On                 ;
; Limit AHDL Integers to 32 Bits                                             ; Off                ; Off                ;
; Optimization Technique                                                     ; Balanced           ; Balanced           ;
; Carry Chain Length                                                         ; 70                 ; 70                 ;
; Auto Carry Chains                                                          ; On                 ; On                 ;
; Auto Open-Drain Pins                                                       ; On                 ; On                 ;
; Perform WYSIWYG Primitive Resynthesis                                      ; Off                ; Off                ;
; Auto ROM Replacement                                                       ; On                 ; On                 ;
; Auto RAM Replacement                                                       ; On                 ; On                 ;
; Auto DSP Block Replacement                                                 ; On                 ; On                 ;
; Auto Shift Register Replacement                                            ; Auto               ; Auto               ;
; Allow Shift Register Merging across Hierarchies                            ; Auto               ; Auto               ;
; Auto Clock Enable Replacement                                              ; On                 ; On                 ;
; Strict RAM Replacement                                                     ; Off                ; Off                ;
; Allow Synchronous Control Signals                                          ; On                 ; On                 ;
; Force Use of Synchronous Clear Signals                                     ; Off                ; Off                ;
; Auto RAM Block Balancing                                                   ; On                 ; On                 ;
; Auto RAM to Logic Cell Conversion                                          ; Off                ; Off                ;
; Auto Resource Sharing                                                      ; Off                ; Off                ;
; Allow Any RAM Size For Recognition                                         ; Off                ; Off                ;
; Allow Any ROM Size For Recognition                                         ; Off                ; Off                ;
; Allow Any Shift Register Size For Recognition                              ; Off                ; Off                ;
; Use LogicLock Constraints during Resource Balancing                        ; On                 ; On                 ;
; Ignore translate_off and synthesis_off directives                          ; Off                ; Off                ;
; Timing-Driven Synthesis                                                    ; On                 ; On                 ;
; Report Parameter Settings                                                  ; On                 ; On                 ;
; Report Source Assignments                                                  ; On                 ; On                 ;
; Report Connectivity Checks                                                 ; On                 ; On                 ;
; Ignore Maximum Fan-Out Assignments                                         ; Off                ; Off                ;
; Synchronization Register Chain Length                                      ; 2                  ; 2                  ;
; PowerPlay Power Optimization                                               ; Normal compilation ; Normal compilation ;
; HDL message level                                                          ; Level2             ; Level2             ;
; Suppress Register Optimization Related Messages                            ; Off                ; Off                ;
; Number of Removed Registers Reported in Synthesis Report                   ; 5000               ; 5000               ;
; Number of Swept Nodes Reported in Synthesis Report                         ; 5000               ; 5000               ;
; Number of Inverted Registers Reported in Synthesis Report                  ; 100                ; 100                ;
; Clock MUX Protection                                                       ; On                 ; On                 ;
; Auto Gated Clock Conversion                                                ; Off                ; Off                ;
; Block Design Naming                                                        ; Auto               ; Auto               ;
; SDC constraint protection                                                  ; Off                ; Off                ;
; Synthesis Effort                                                           ; Auto               ; Auto               ;
; Shift Register Replacement - Allow Asynchronous Clear Signal               ; On                 ; On                 ;
; Pre-Mapping Resynthesis Optimization                                       ; Off                ; Off                ;
; Analysis & Synthesis Message Level                                         ; Medium             ; Medium             ;
; Disable Register Merging Across Hierarchies                                ; Auto               ; Auto               ;
; Resource Aware Inference For Block RAM                                     ; On                 ; On                 ;
; Synthesis Seed                                                             ; 1                  ; 1                  ;
+----------------------------------------------------------------------------+--------------------+--------------------+


+------------------------------------------+
; Parallel Compilation                     ;
+----------------------------+-------------+
; Processors                 ; Number      ;
+----------------------------+-------------+
; Number detected on machine ; 20          ;
; Maximum allowed            ; 14          ;
;                            ;             ;
; Average used               ; 1.00        ;
; Maximum used               ; 1           ;
;                            ;             ;
; Usage by Processor         ; % Time Used ;
;     Processor 1            ; 100.0%      ;
;     Processors 2-20        ;   0.0%      ;
+----------------------------+-------------+


+---------------------------------------------------------------------------------------------------------------------------------------------------------------------------------+
; Analysis & Synthesis Source Files Read                                                                                                                                          ;
+----------------------------------+-----------------+----------------------------------------+-------------------------------------------------------------------------+---------+
; File Name with User-Entered Path ; Used in Netlist ; File Type                              ; File Name with Absolute Path                                            ; Library ;
+----------------------------------+-----------------+----------------------------------------+-------------------------------------------------------------------------+---------+
; lab7part3.vhd                    ; yes             ; User VHDL File                         ; C:/Users/ragha/OneDrive/Documents/495_lab7_part3/lab7part3.vhd          ;         ;
; ROM.mif                          ; yes             ; User Memory Initialization File        ; C:/Users/ragha/OneDrive/Documents/495_lab7_part3/ROM.mif                ;         ;
; lpm_add_sub.tdf                  ; yes             ; Megafunction                           ; c:/altera/13.1/quartus/libraries/megafunctions/lpm_add_sub.tdf          ;         ;
; addcore.inc                      ; yes             ; Megafunction                           ; c:/altera/13.1/quartus/libraries/megafunctions/addcore.inc              ;         ;
; look_add.inc                     ; yes             ; Megafunction                           ; c:/altera/13.1/quartus/libraries/megafunctions/look_add.inc             ;         ;
; bypassff.inc                     ; yes             ; Megafunction                           ; c:/altera/13.1/quartus/libraries/megafunctions/bypassff.inc             ;         ;
; altshift.inc                     ; yes             ; Megafunction                           ; c:/altera/13.1/quartus/libraries/megafunctions/altshift.inc             ;         ;
; alt_stratix_add_sub.inc          ; yes             ; Megafunction                           ; c:/altera/13.1/quartus/libraries/megafunctions/alt_stratix_add_sub.inc  ;         ;
; aglobal131.inc                   ; yes             ; Megafunction                           ; c:/altera/13.1/quartus/libraries/megafunctions/aglobal131.inc           ;         ;
; db/add_sub_i9f.tdf               ; yes             ; Auto-Generated Megafunction            ; C:/Users/ragha/OneDrive/Documents/495_lab7_part3/db/add_sub_i9f.tdf     ;         ;
; lpm_ff.tdf                       ; yes             ; Megafunction                           ; c:/altera/13.1/quartus/libraries/megafunctions/lpm_ff.tdf               ;         ;
; lpm_constant.inc                 ; yes             ; Megafunction                           ; c:/altera/13.1/quartus/libraries/megafunctions/lpm_constant.inc         ;         ;
; lpm_counter.tdf                  ; yes             ; Megafunction                           ; c:/altera/13.1/quartus/libraries/megafunctions/lpm_counter.tdf          ;         ;
; lpm_decode.inc                   ; yes             ; Megafunction                           ; c:/altera/13.1/quartus/libraries/megafunctions/lpm_decode.inc           ;         ;
; lpm_add_sub.inc                  ; yes             ; Megafunction                           ; c:/altera/13.1/quartus/libraries/megafunctions/lpm_add_sub.inc          ;         ;
; cmpconst.inc                     ; yes             ; Megafunction                           ; c:/altera/13.1/quartus/libraries/megafunctions/cmpconst.inc             ;         ;
; lpm_compare.inc                  ; yes             ; Megafunction                           ; c:/altera/13.1/quartus/libraries/megafunctions/lpm_compare.inc          ;         ;
; lpm_counter.inc                  ; yes             ; Megafunction                           ; c:/altera/13.1/quartus/libraries/megafunctions/lpm_counter.inc          ;         ;
; dffeea.inc                       ; yes             ; Megafunction                           ; c:/altera/13.1/quartus/libraries/megafunctions/dffeea.inc               ;         ;
; alt_counter_stratix.inc          ; yes             ; Megafunction                           ; c:/altera/13.1/quartus/libraries/megafunctions/alt_counter_stratix.inc  ;         ;
; db/cntr_ckj.tdf                  ; yes             ; Auto-Generated Megafunction            ; C:/Users/ragha/OneDrive/Documents/495_lab7_part3/db/cntr_ckj.tdf        ;         ;
; db/cntr_9ak.tdf                  ; yes             ; Auto-Generated Megafunction            ; C:/Users/ragha/OneDrive/Documents/495_lab7_part3/db/cntr_9ak.tdf        ;         ;
; lpm_ram_dq.tdf                   ; yes             ; Megafunction                           ; c:/altera/13.1/quartus/libraries/megafunctions/lpm_ram_dq.tdf           ;         ;
; altram.inc                       ; yes             ; Megafunction                           ; c:/altera/13.1/quartus/libraries/megafunctions/altram.inc               ;         ;
; lpm_mux.inc                      ; yes             ; Megafunction                           ; c:/altera/13.1/quartus/libraries/megafunctions/lpm_mux.inc              ;         ;
; altram.tdf                       ; yes             ; Megafunction                           ; c:/altera/13.1/quartus/libraries/megafunctions/altram.tdf               ;         ;
; memmodes.inc                     ; yes             ; Megafunction                           ; c:/altera/13.1/quartus/libraries/others/maxplus2/memmodes.inc           ;         ;
; altsyncram.inc                   ; yes             ; Megafunction                           ; c:/altera/13.1/quartus/libraries/megafunctions/altsyncram.inc           ;         ;
; altsyncram.tdf                   ; yes             ; Megafunction                           ; c:/altera/13.1/quartus/libraries/megafunctions/altsyncram.tdf           ;         ;
; stratix_ram_block.inc            ; yes             ; Megafunction                           ; c:/altera/13.1/quartus/libraries/megafunctions/stratix_ram_block.inc    ;         ;
; a_rdenreg.inc                    ; yes             ; Megafunction                           ; c:/altera/13.1/quartus/libraries/megafunctions/a_rdenreg.inc            ;         ;
; altrom.inc                       ; yes             ; Megafunction                           ; c:/altera/13.1/quartus/libraries/megafunctions/altrom.inc               ;         ;
; altdpram.inc                     ; yes             ; Megafunction                           ; c:/altera/13.1/quartus/libraries/megafunctions/altdpram.inc             ;         ;
; db/altsyncram_qu91.tdf           ; yes             ; Auto-Generated Megafunction            ; C:/Users/ragha/OneDrive/Documents/495_lab7_part3/db/altsyncram_qu91.tdf ;         ;
; lab7_ram12.mif                   ; yes             ; Auto-Found Memory Initialization File  ; C:/Users/ragha/OneDrive/Documents/495_lab7_part3/lab7_ram12.mif         ;         ;
; f25lab7_useq.vhd                 ; yes             ; Auto-Found VHDL File                   ; C:/Users/ragha/OneDrive/Documents/495_lab7_part3/f25lab7_useq.vhd       ;         ;
; lpm_mux.tdf                      ; yes             ; Megafunction                           ; c:/altera/13.1/quartus/libraries/megafunctions/lpm_mux.tdf              ;         ;
; muxlut.inc                       ; yes             ; Megafunction                           ; c:/altera/13.1/quartus/libraries/megafunctions/muxlut.inc               ;         ;
; db/mux_p7e.tdf                   ; yes             ; Auto-Generated Megafunction            ; C:/Users/ragha/OneDrive/Documents/495_lab7_part3/db/mux_p7e.tdf         ;         ;
; lpm_rom.tdf                      ; yes             ; Megafunction                           ; c:/altera/13.1/quartus/libraries/megafunctions/lpm_rom.tdf              ;         ;
; altrom.tdf                       ; yes             ; Megafunction                           ; c:/altera/13.1/quartus/libraries/megafunctions/altrom.tdf               ;         ;
; db/altsyncram_qsv.tdf            ; yes             ; Auto-Generated Megafunction            ; C:/Users/ragha/OneDrive/Documents/495_lab7_part3/db/altsyncram_qsv.tdf  ;         ;
; db/mux_s7e.tdf                   ; yes             ; Auto-Generated Megafunction            ; C:/Users/ragha/OneDrive/Documents/495_lab7_part3/db/mux_s7e.tdf         ;         ;
; db/mux_i7e.tdf                   ; yes             ; Auto-Generated Megafunction            ; C:/Users/ragha/OneDrive/Documents/495_lab7_part3/db/mux_i7e.tdf         ;         ;
; segment_decoder.vhd              ; yes             ; Auto-Found VHDL File                   ; C:/Users/ragha/OneDrive/Documents/495_lab7_part3/segment_decoder.vhd    ;         ;
+----------------------------------+-----------------+----------------------------------------+-------------------------------------------------------------------------+---------+


+---------------------------------------------------------+
; Analysis & Synthesis Resource Usage Summary             ;
+---------------------------------------------+-----------+
; Resource                                    ; Usage     ;
+---------------------------------------------+-----------+
; Estimated Total logic elements              ; 163       ;
;                                             ;           ;
; Total combinational functions               ; 155       ;
; Logic element usage by number of LUT inputs ;           ;
;     -- 4 input functions                    ; 81        ;
;     -- 3 input functions                    ; 49        ;
;     -- <=2 input functions                  ; 25        ;
;                                             ;           ;
; Logic elements by mode                      ;           ;
;     -- normal mode                          ; 133       ;
;     -- arithmetic mode                      ; 22        ;
;                                             ;           ;
; Total registers                             ; 57        ;
;     -- Dedicated logic registers            ; 57        ;
;     -- I/O registers                        ; 0         ;
;                                             ;           ;
; I/O pins                                    ; 106       ;
; Total memory bits                           ; 9216      ;
; Embedded Multiplier 9-bit elements          ; 0         ;
; Maximum fan-out node                        ; clk~input ;
; Maximum fan-out                             ; 85        ;
; Total fan-out                               ; 1273      ;
; Average fan-out                             ; 2.77      ;
+---------------------------------------------+-----------+


+--------------------------------------------------------------------------------------------------------------------------------------------------------------------------------------------------------------------------------------------------------------------------------------+
; Analysis & Synthesis Resource Utilization by Entity                                                                                                                                                                                                                                  ;
+------------------------------------------------+-------------------+--------------+-------------+--------------+---------+-----------+------+--------------+----------------------------------------------------------------------------------------------------------+--------------+
; Compilation Hierarchy Node                     ; LC Combinationals ; LC Registers ; Memory Bits ; DSP Elements ; DSP 9x9 ; DSP 18x18 ; Pins ; Virtual Pins ; Full Hierarchy Name                                                                                      ; Library Name ;
+------------------------------------------------+-------------------+--------------+-------------+--------------+---------+-----------+------+--------------+----------------------------------------------------------------------------------------------------------+--------------+
; |lab7part3                                     ; 155 (6)           ; 57 (0)       ; 9216        ; 0            ; 0       ; 0         ; 106  ; 0            ; |lab7part3                                                                                               ; work         ;
;    |f25lab7_useq:USeq|                         ; 8 (0)             ; 8 (0)        ; 7168        ; 0            ; 0       ; 0         ; 0    ; 0            ; |lab7part3|f25lab7_useq:USeq                                                                             ; work         ;
;       |lpm_ff:uPC|                             ; 0 (0)             ; 8 (8)        ; 0           ; 0            ; 0       ; 0         ; 0    ; 0            ; |lab7part3|f25lab7_useq:USeq|lpm_ff:uPC                                                                  ; work         ;
;       |lpm_mux:uPC_mux|                        ; 8 (0)             ; 0 (0)        ; 0           ; 0            ; 0       ; 0         ; 0    ; 0            ; |lab7part3|f25lab7_useq:USeq|lpm_mux:uPC_mux                                                             ; work         ;
;          |mux_p7e:auto_generated|              ; 8 (8)             ; 0 (0)        ; 0           ; 0            ; 0       ; 0         ; 0    ; 0            ; |lab7part3|f25lab7_useq:USeq|lpm_mux:uPC_mux|mux_p7e:auto_generated                                      ; work         ;
;       |lpm_rom:uROM|                           ; 0 (0)             ; 0 (0)        ; 7168        ; 0            ; 0       ; 0         ; 0    ; 0            ; |lab7part3|f25lab7_useq:USeq|lpm_rom:uROM                                                                ; work         ;
;          |altrom:srom|                         ; 0 (0)             ; 0 (0)        ; 7168        ; 0            ; 0       ; 0         ; 0    ; 0            ; |lab7part3|f25lab7_useq:USeq|lpm_rom:uROM|altrom:srom                                                    ; work         ;
;             |altsyncram:rom_block|             ; 0 (0)             ; 0 (0)        ; 7168        ; 0            ; 0       ; 0         ; 0    ; 0            ; |lab7part3|f25lab7_useq:USeq|lpm_rom:uROM|altrom:srom|altsyncram:rom_block                               ; work         ;
;                |altsyncram_qsv:auto_generated| ; 0 (0)             ; 0 (0)        ; 7168        ; 0            ; 0       ; 0         ; 0    ; 0            ; |lab7part3|f25lab7_useq:USeq|lpm_rom:uROM|altrom:srom|altsyncram:rom_block|altsyncram_qsv:auto_generated ; work         ;
;    |lpm_add_sub:ALU|                           ; 25 (0)            ; 0 (0)        ; 0           ; 0            ; 0       ; 0         ; 0    ; 0            ; |lab7part3|lpm_add_sub:ALU                                                                               ; work         ;
;       |add_sub_i9f:auto_generated|             ; 25 (25)           ; 0 (0)        ; 0           ; 0            ; 0       ; 0         ; 0    ; 0            ; |lab7part3|lpm_add_sub:ALU|add_sub_i9f:auto_generated                                                    ; work         ;
;    |lpm_counter:PC|                            ; 8 (0)             ; 8 (0)        ; 0           ; 0            ; 0       ; 0         ; 0    ; 0            ; |lab7part3|lpm_counter:PC                                                                                ; work         ;
;       |cntr_ckj:auto_generated|                ; 8 (8)             ; 8 (8)        ; 0           ; 0            ; 0       ; 0         ; 0    ; 0            ; |lab7part3|lpm_counter:PC|cntr_ckj:auto_generated                                                        ; work         ;
;    |lpm_counter:SP|                            ; 9 (0)             ; 8 (0)        ; 0           ; 0            ; 0       ; 0         ; 0    ; 0            ; |lab7part3|lpm_counter:SP                                                                                ; work         ;
;       |cntr_9ak:auto_generated|                ; 9 (9)             ; 8 (8)        ; 0           ; 0            ; 0       ; 0         ; 0    ; 0            ; |lab7part3|lpm_counter:SP|cntr_9ak:auto_generated                                                        ; work         ;
;    |lpm_ff:IR|                                 ; 10 (10)           ; 0 (0)        ; 0           ; 0            ; 0       ; 0         ; 0    ; 0            ; |lab7part3|lpm_ff:IR                                                                                     ; work         ;
;    |lpm_ff:MAR|                                ; 0 (0)             ; 8 (8)        ; 0           ; 0            ; 0       ; 0         ; 0    ; 0            ; |lab7part3|lpm_ff:MAR                                                                                    ; work         ;
;    |lpm_ff:MDR|                                ; 8 (8)             ; 8 (8)        ; 0           ; 0            ; 0       ; 0         ; 0    ; 0            ; |lab7part3|lpm_ff:MDR                                                                                    ; work         ;
;    |lpm_ff:R0|                                 ; 0 (0)             ; 8 (8)        ; 0           ; 0            ; 0       ; 0         ; 0    ; 0            ; |lab7part3|lpm_ff:R0                                                                                     ; work         ;
;    |lpm_ff:R1|                                 ; 0 (0)             ; 8 (8)        ; 0           ; 0            ; 0       ; 0         ; 0    ; 0            ; |lab7part3|lpm_ff:R1                                                                                     ; work         ;
;    |lpm_ff:Z|                                  ; 0 (0)             ; 1 (1)        ; 0           ; 0            ; 0       ; 0         ; 0    ; 0            ; |lab7part3|lpm_ff:Z                                                                                      ; work         ;
;    |lpm_mux:MUX_MAR|                           ; 16 (0)            ; 0 (0)        ; 0           ; 0            ; 0       ; 0         ; 0    ; 0            ; |lab7part3|lpm_mux:MUX_MAR                                                                               ; work         ;
;       |mux_s7e:auto_generated|                 ; 16 (16)           ; 0 (0)        ; 0           ; 0            ; 0       ; 0         ; 0    ; 0            ; |lab7part3|lpm_mux:MUX_MAR|mux_s7e:auto_generated                                                        ; work         ;
;    |lpm_mux:MUX_M|                             ; 8 (0)             ; 0 (0)        ; 0           ; 0            ; 0       ; 0         ; 0    ; 0            ; |lab7part3|lpm_mux:MUX_M                                                                                 ; work         ;
;       |mux_p7e:auto_generated|                 ; 8 (8)             ; 0 (0)        ; 0           ; 0            ; 0       ; 0         ; 0    ; 0            ; |lab7part3|lpm_mux:MUX_M|mux_p7e:auto_generated                                                          ; work         ;
;    |lpm_mux:MUX_Z|                             ; 1 (0)             ; 0 (0)        ; 0           ; 0            ; 0       ; 0         ; 0    ; 0            ; |lab7part3|lpm_mux:MUX_Z                                                                                 ; work         ;
;       |mux_i7e:auto_generated|                 ; 1 (1)             ; 0 (0)        ; 0           ; 0            ; 0       ; 0         ; 0    ; 0            ; |lab7part3|lpm_mux:MUX_Z|mux_i7e:auto_generated                                                          ; work         ;
;    |lpm_ram_dq:MEMORY|                         ; 0 (0)             ; 0 (0)        ; 2048        ; 0            ; 0       ; 0         ; 0    ; 0            ; |lab7part3|lpm_ram_dq:MEMORY                                                                             ; work         ;
;       |altram:sram|                            ; 0 (0)             ; 0 (0)        ; 2048        ; 0            ; 0       ; 0         ; 0    ; 0            ; |lab7part3|lpm_ram_dq:MEMORY|altram:sram                                                                 ; work         ;
;          |altsyncram:ram_block|                ; 0 (0)             ; 0 (0)        ; 2048        ; 0            ; 0       ; 0         ; 0    ; 0            ; |lab7part3|lpm_ram_dq:MEMORY|altram:sram|altsyncram:ram_block                                            ; work         ;
;             |altsyncram_qu91:auto_generated|   ; 0 (0)             ; 0 (0)        ; 2048        ; 0            ; 0       ; 0         ; 0    ; 0            ; |lab7part3|lpm_ram_dq:MEMORY|altram:sram|altsyncram:ram_block|altsyncram_qu91:auto_generated             ; work         ;
;    |segment_decoder:PC_Display1|               ; 7 (7)             ; 0 (0)        ; 0           ; 0            ; 0       ; 0         ; 0    ; 0            ; |lab7part3|segment_decoder:PC_Display1                                                                   ; work         ;
;    |segment_decoder:PC_Display2|               ; 7 (7)             ; 0 (0)        ; 0           ; 0            ; 0       ; 0         ; 0    ; 0            ; |lab7part3|segment_decoder:PC_Display2                                                                   ; work         ;
;    |segment_decoder:R0_Display1|               ; 7 (7)             ; 0 (0)        ; 0           ; 0            ; 0       ; 0         ; 0    ; 0            ; |lab7part3|segment_decoder:R0_Display1                                                                   ; work         ;
;    |segment_decoder:R0_Display2|               ; 7 (7)             ; 0 (0)        ; 0           ; 0            ; 0       ; 0         ; 0    ; 0            ; |lab7part3|segment_decoder:R0_Display2                                                                   ; work         ;
;    |segment_decoder:R1_Display1|               ; 7 (7)             ; 0 (0)        ; 0           ; 0            ; 0       ; 0         ; 0    ; 0            ; |lab7part3|segment_decoder:R1_Display1                                                                   ; work         ;
;    |segment_decoder:R1_Display2|               ; 7 (7)             ; 0 (0)        ; 0           ; 0            ; 0       ; 0         ; 0    ; 0            ; |lab7part3|segment_decoder:R1_Display2                                                                   ; work         ;
;    |segment_decoder:SP_Display1|               ; 7 (7)             ; 0 (0)        ; 0           ; 0            ; 0       ; 0         ; 0    ; 0            ; |lab7part3|segment_decoder:SP_Display1                                                                   ; work         ;
;    |segment_decoder:SP_Display2|               ; 7 (7)             ; 0 (0)        ; 0           ; 0            ; 0       ; 0         ; 0    ; 0            ; |lab7part3|segment_decoder:SP_Display2                                                                   ; work         ;
+------------------------------------------------+-------------------+--------------+-------------+--------------+---------+-----------+------+--------------+----------------------------------------------------------------------------------------------------------+--------------+
Note: For table entries with two numbers listed, the numbers in parentheses indicate the number of resources of the given type used by the specific entity alone. The numbers listed outside of parentheses indicate the total resources of the given type used by the specific entity and all of its sub-entities in the hierarchy.


+-------------------------------------------------------------------------------------------------------------------------------------------------------------------------------------------------------------------+
; Analysis & Synthesis RAM Summary                                                                                                                                                                                  ;
+----------------------------------------------------------------------------------------------------------+------+-------------+--------------+--------------+--------------+--------------+------+----------------+
; Name                                                                                                     ; Type ; Mode        ; Port A Depth ; Port A Width ; Port B Depth ; Port B Width ; Size ; MIF            ;
+----------------------------------------------------------------------------------------------------------+------+-------------+--------------+--------------+--------------+--------------+------+----------------+
; f25lab7_useq:USeq|lpm_rom:uROM|altrom:srom|altsyncram:rom_block|altsyncram_qsv:auto_generated|ALTSYNCRAM ; AUTO ; ROM         ; 256          ; 29           ; --           ; --           ; 7424 ; ROM.mif        ;
; lpm_ram_dq:MEMORY|altram:sram|altsyncram:ram_block|altsyncram_qu91:auto_generated|ALTSYNCRAM             ; AUTO ; Single Port ; 256          ; 8            ; --           ; --           ; 2048 ; lab7_ram12.mif ;
+----------------------------------------------------------------------------------------------------------+------+-------------+--------------+--------------+--------------+--------------+------+----------------+


+------------------------------------------------------------------------------+
; Registers Removed During Synthesis                                           ;
+---------------------------------------+--------------------------------------+
; Register name                         ; Reason for Removal                   ;
+---------------------------------------+--------------------------------------+
; lpm_ff:IR|dffs[0]~_emulated           ; Stuck at GND due to stuck port clock ;
; lpm_ff:IR|dffs[4]~_emulated           ; Stuck at GND due to stuck port clock ;
; lpm_ff:IR|dffs[5]~_emulated           ; Stuck at GND due to stuck port clock ;
; lpm_ff:IR|dffs[6]~_emulated           ; Stuck at GND due to stuck port clock ;
; lpm_ff:IR|dffs[7]~_emulated           ; Stuck at GND due to stuck port clock ;
; Total Number of Removed Registers = 5 ;                                      ;
+---------------------------------------+--------------------------------------+


+------------------------------------------------------+
; General Register Statistics                          ;
+----------------------------------------------+-------+
; Statistic                                    ; Value ;
+----------------------------------------------+-------+
; Total registers                              ; 57    ;
; Number of registers using Synchronous Clear  ; 0     ;
; Number of registers using Synchronous Load   ; 24    ;
; Number of registers using Asynchronous Clear ; 0     ;
; Number of registers using Asynchronous Load  ; 0     ;
; Number of registers using Clock Enable       ; 49    ;
; Number of registers using Preset             ; 0     ;
+----------------------------------------------+-------+


+----------------------------------------------------------------------------------------------------------+
; Source assignments for LPM_RAM_DQ:MEMORY|altram:sram|altsyncram:ram_block|altsyncram_qu91:auto_generated ;
+---------------------------------+--------------------+------+--------------------------------------------+
; Assignment                      ; Value              ; From ; To                                         ;
+---------------------------------+--------------------+------+--------------------------------------------+
; OPTIMIZE_POWER_DURING_SYNTHESIS ; NORMAL_COMPILATION ; -    ; -                                          ;
+---------------------------------+--------------------+------+--------------------------------------------+


+----------------------------------------------------------------------------------------------------------------------+
; Source assignments for f25lab7_useq:USeq|LPM_ROM:uROM|altrom:srom|altsyncram:rom_block|altsyncram_qsv:auto_generated ;
+---------------------------------+--------------------+------+--------------------------------------------------------+
; Assignment                      ; Value              ; From ; To                                                     ;
+---------------------------------+--------------------+------+--------------------------------------------------------+
; OPTIMIZE_POWER_DURING_SYNTHESIS ; NORMAL_COMPILATION ; -    ; -                                                      ;
+---------------------------------+--------------------+------+--------------------------------------------------------+


+--------------------------------------------------------------+
; Parameter Settings for User Entity Instance: LPM_ADD_SUB:ALU ;
+------------------------+--------------+----------------------+
; Parameter Name         ; Value        ; Type                 ;
+------------------------+--------------+----------------------+
; LPM_WIDTH              ; 8            ; Signed Integer       ;
; LPM_REPRESENTATION     ; SIGNED       ; Untyped              ;
; LPM_DIRECTION          ; DEFAULT      ; Untyped              ;
; ONE_INPUT_IS_CONSTANT  ; NO           ; Untyped              ;
; LPM_PIPELINE           ; 0            ; Signed Integer       ;
; MAXIMIZE_SPEED         ; 5            ; Untyped              ;
; REGISTERED_AT_END      ; 0            ; Untyped              ;
; OPTIMIZE_FOR_SPEED     ; 5            ; Untyped              ;
; USE_CS_BUFFERS         ; 1            ; Untyped              ;
; CARRY_CHAIN            ; MANUAL       ; Untyped              ;
; CARRY_CHAIN_LENGTH     ; 48           ; CARRY_CHAIN_LENGTH   ;
; DEVICE_FAMILY          ; Cyclone IV E ; Untyped              ;
; USE_WYS                ; OFF          ; Untyped              ;
; STYLE                  ; FAST         ; Untyped              ;
; CBXI_PARAMETER         ; add_sub_i9f  ; Untyped              ;
; AUTO_CARRY_CHAINS      ; ON           ; AUTO_CARRY           ;
; IGNORE_CARRY_BUFFERS   ; OFF          ; IGNORE_CARRY         ;
; AUTO_CASCADE_CHAINS    ; ON           ; AUTO_CASCADE         ;
; IGNORE_CASCADE_BUFFERS ; OFF          ; IGNORE_CASCADE       ;
+------------------------+--------------+----------------------+
Note: In order to hide this table in the UI and the text report file, please set the "Show Parameter Settings in Synthesis Report" option in "Analysis and Synthesis Settings -> More Settings" to "Off".


+---------------------------------------------------------+
; Parameter Settings for User Entity Instance: LPM_FF:MAR ;
+------------------------+--------------+-----------------+
; Parameter Name         ; Value        ; Type            ;
+------------------------+--------------+-----------------+
; LPM_WIDTH              ; 8            ; Signed Integer  ;
; LPM_AVALUE             ; UNUSED       ; Untyped         ;
; LPM_SVALUE             ; UNUSED       ; Untyped         ;
; LPM_FFTYPE             ; DFF          ; Untyped         ;
; DEVICE_FAMILY          ; Cyclone IV E ; Untyped         ;
; CBXI_PARAMETER         ; NOTHING      ; Untyped         ;
; AUTO_CARRY_CHAINS      ; ON           ; AUTO_CARRY      ;
; IGNORE_CARRY_BUFFERS   ; OFF          ; IGNORE_CARRY    ;
; AUTO_CASCADE_CHAINS    ; ON           ; AUTO_CASCADE    ;
; IGNORE_CASCADE_BUFFERS ; OFF          ; IGNORE_CASCADE  ;
+------------------------+--------------+-----------------+
Note: In order to hide this table in the UI and the text report file, please set the "Show Parameter Settings in Synthesis Report" option in "Analysis and Synthesis Settings -> More Settings" to "Off".


+--------------------------------------------------------+
; Parameter Settings for User Entity Instance: LPM_FF:R0 ;
+------------------------+--------------+----------------+
; Parameter Name         ; Value        ; Type           ;
+------------------------+--------------+----------------+
; LPM_WIDTH              ; 8            ; Signed Integer ;
; LPM_AVALUE             ; UNUSED       ; Untyped        ;
; LPM_SVALUE             ; UNUSED       ; Untyped        ;
; LPM_FFTYPE             ; DFF          ; Untyped        ;
; DEVICE_FAMILY          ; Cyclone IV E ; Untyped        ;
; CBXI_PARAMETER         ; NOTHING      ; Untyped        ;
; AUTO_CARRY_CHAINS      ; ON           ; AUTO_CARRY     ;
; IGNORE_CARRY_BUFFERS   ; OFF          ; IGNORE_CARRY   ;
; AUTO_CASCADE_CHAINS    ; ON           ; AUTO_CASCADE   ;
; IGNORE_CASCADE_BUFFERS ; OFF          ; IGNORE_CASCADE ;
+------------------------+--------------+----------------+
Note: In order to hide this table in the UI and the text report file, please set the "Show Parameter Settings in Synthesis Report" option in "Analysis and Synthesis Settings -> More Settings" to "Off".


+--------------------------------------------------------+
; Parameter Settings for User Entity Instance: LPM_FF:R1 ;
+------------------------+--------------+----------------+
; Parameter Name         ; Value        ; Type           ;
+------------------------+--------------+----------------+
; LPM_WIDTH              ; 8            ; Signed Integer ;
; LPM_AVALUE             ; UNUSED       ; Untyped        ;
; LPM_SVALUE             ; UNUSED       ; Untyped        ;
; LPM_FFTYPE             ; DFF          ; Untyped        ;
; DEVICE_FAMILY          ; Cyclone IV E ; Untyped        ;
; CBXI_PARAMETER         ; NOTHING      ; Untyped        ;
; AUTO_CARRY_CHAINS      ; ON           ; AUTO_CARRY     ;
; IGNORE_CARRY_BUFFERS   ; OFF          ; IGNORE_CARRY   ;
; AUTO_CASCADE_CHAINS    ; ON           ; AUTO_CASCADE   ;
; IGNORE_CASCADE_BUFFERS ; OFF          ; IGNORE_CASCADE ;
+------------------------+--------------+----------------+
Note: In order to hide this table in the UI and the text report file, please set the "Show Parameter Settings in Synthesis Report" option in "Analysis and Synthesis Settings -> More Settings" to "Off".


+---------------------------------------------------------+
; Parameter Settings for User Entity Instance: LPM_FF:MDR ;
+------------------------+--------------+-----------------+
; Parameter Name         ; Value        ; Type            ;
+------------------------+--------------+-----------------+
; LPM_WIDTH              ; 8            ; Signed Integer  ;
; LPM_AVALUE             ; UNUSED       ; Untyped         ;
; LPM_SVALUE             ; UNUSED       ; Untyped         ;
; LPM_FFTYPE             ; DFF          ; Untyped         ;
; DEVICE_FAMILY          ; Cyclone IV E ; Untyped         ;
; CBXI_PARAMETER         ; NOTHING      ; Untyped         ;
; AUTO_CARRY_CHAINS      ; ON           ; AUTO_CARRY      ;
; IGNORE_CARRY_BUFFERS   ; OFF          ; IGNORE_CARRY    ;
; AUTO_CASCADE_CHAINS    ; ON           ; AUTO_CASCADE    ;
; IGNORE_CASCADE_BUFFERS ; OFF          ; IGNORE_CASCADE  ;
+------------------------+--------------+-----------------+
Note: In order to hide this table in the UI and the text report file, please set the "Show Parameter Settings in Synthesis Report" option in "Analysis and Synthesis Settings -> More Settings" to "Off".


+-----------------------------------------------------------------+
; Parameter Settings for User Entity Instance: LPM_COUNTER:PC     ;
+------------------------+-------------------+--------------------+
; Parameter Name         ; Value             ; Type               ;
+------------------------+-------------------+--------------------+
; AUTO_CARRY_CHAINS      ; ON                ; AUTO_CARRY         ;
; IGNORE_CARRY_BUFFERS   ; OFF               ; IGNORE_CARRY       ;
; AUTO_CASCADE_CHAINS    ; ON                ; AUTO_CASCADE       ;
; IGNORE_CASCADE_BUFFERS ; OFF               ; IGNORE_CASCADE     ;
; LPM_WIDTH              ; 8                 ; Signed Integer     ;
; LPM_DIRECTION          ; DEFAULT           ; Untyped            ;
; LPM_MODULUS            ; 0                 ; Signed Integer     ;
; LPM_AVALUE             ; UNUSED            ; Untyped            ;
; LPM_SVALUE             ; UNUSED            ; Untyped            ;
; LPM_PORT_UPDOWN        ; PORT_CONNECTIVITY ; Untyped            ;
; DEVICE_FAMILY          ; Cyclone IV E      ; Untyped            ;
; CARRY_CHAIN            ; MANUAL            ; Untyped            ;
; CARRY_CHAIN_LENGTH     ; 48                ; CARRY_CHAIN_LENGTH ;
; NOT_GATE_PUSH_BACK     ; ON                ; NOT_GATE_PUSH_BACK ;
; CARRY_CNT_EN           ; SMART             ; Untyped            ;
; LABWIDE_SCLR           ; ON                ; Untyped            ;
; USE_NEW_VERSION        ; TRUE              ; Untyped            ;
; CBXI_PARAMETER         ; cntr_ckj          ; Untyped            ;
+------------------------+-------------------+--------------------+
Note: In order to hide this table in the UI and the text report file, please set the "Show Parameter Settings in Synthesis Report" option in "Analysis and Synthesis Settings -> More Settings" to "Off".


+-----------------------------------------------------------------+
; Parameter Settings for User Entity Instance: LPM_COUNTER:SP     ;
+------------------------+-------------------+--------------------+
; Parameter Name         ; Value             ; Type               ;
+------------------------+-------------------+--------------------+
; AUTO_CARRY_CHAINS      ; ON                ; AUTO_CARRY         ;
; IGNORE_CARRY_BUFFERS   ; OFF               ; IGNORE_CARRY       ;
; AUTO_CASCADE_CHAINS    ; ON                ; AUTO_CASCADE       ;
; IGNORE_CASCADE_BUFFERS ; OFF               ; IGNORE_CASCADE     ;
; LPM_WIDTH              ; 8                 ; Signed Integer     ;
; LPM_DIRECTION          ; DEFAULT           ; Untyped            ;
; LPM_MODULUS            ; 0                 ; Signed Integer     ;
; LPM_AVALUE             ; UNUSED            ; Untyped            ;
; LPM_SVALUE             ; UNUSED            ; Untyped            ;
; LPM_PORT_UPDOWN        ; PORT_CONNECTIVITY ; Untyped            ;
; DEVICE_FAMILY          ; Cyclone IV E      ; Untyped            ;
; CARRY_CHAIN            ; MANUAL            ; Untyped            ;
; CARRY_CHAIN_LENGTH     ; 48                ; CARRY_CHAIN_LENGTH ;
; NOT_GATE_PUSH_BACK     ; ON                ; NOT_GATE_PUSH_BACK ;
; CARRY_CNT_EN           ; SMART             ; Untyped            ;
; LABWIDE_SCLR           ; ON                ; Untyped            ;
; USE_NEW_VERSION        ; TRUE              ; Untyped            ;
; CBXI_PARAMETER         ; cntr_9ak          ; Untyped            ;
+------------------------+-------------------+--------------------+
Note: In order to hide this table in the UI and the text report file, please set the "Show Parameter Settings in Synthesis Report" option in "Analysis and Synthesis Settings -> More Settings" to "Off".


+--------------------------------------------------------+
; Parameter Settings for User Entity Instance: LPM_FF:IR ;
+------------------------+--------------+----------------+
; Parameter Name         ; Value        ; Type           ;
+------------------------+--------------+----------------+
; LPM_WIDTH              ; 8            ; Signed Integer ;
; LPM_AVALUE             ; UNUSED       ; Untyped        ;
; LPM_SVALUE             ; UNUSED       ; Untyped        ;
; LPM_FFTYPE             ; DFF          ; Untyped        ;
; DEVICE_FAMILY          ; Cyclone IV E ; Untyped        ;
; CBXI_PARAMETER         ; NOTHING      ; Untyped        ;
; AUTO_CARRY_CHAINS      ; ON           ; AUTO_CARRY     ;
; IGNORE_CARRY_BUFFERS   ; OFF          ; IGNORE_CARRY   ;
; AUTO_CASCADE_CHAINS    ; ON           ; AUTO_CASCADE   ;
; IGNORE_CASCADE_BUFFERS ; OFF          ; IGNORE_CASCADE ;
+------------------------+--------------+----------------+
Note: In order to hide this table in the UI and the text report file, please set the "Show Parameter Settings in Synthesis Report" option in "Analysis and Synthesis Settings -> More Settings" to "Off".


+--------------------------------------------------------+
; Parameter Settings for User Entity Instance: LPM_FF:Z  ;
+------------------------+--------------+----------------+
; Parameter Name         ; Value        ; Type           ;
+------------------------+--------------+----------------+
; LPM_WIDTH              ; 1            ; Signed Integer ;
; LPM_AVALUE             ; UNUSED       ; Untyped        ;
; LPM_SVALUE             ; UNUSED       ; Untyped        ;
; LPM_FFTYPE             ; DFF          ; Untyped        ;
; DEVICE_FAMILY          ; Cyclone IV E ; Untyped        ;
; CBXI_PARAMETER         ; NOTHING      ; Untyped        ;
; AUTO_CARRY_CHAINS      ; ON           ; AUTO_CARRY     ;
; IGNORE_CARRY_BUFFERS   ; OFF          ; IGNORE_CARRY   ;
; AUTO_CASCADE_CHAINS    ; ON           ; AUTO_CASCADE   ;
; IGNORE_CASCADE_BUFFERS ; OFF          ; IGNORE_CASCADE ;
+------------------------+--------------+----------------+
Note: In order to hide this table in the UI and the text report file, please set the "Show Parameter Settings in Synthesis Report" option in "Analysis and Synthesis Settings -> More Settings" to "Off".


+----------------------------------------------------------------+
; Parameter Settings for User Entity Instance: LPM_RAM_DQ:MEMORY ;
+------------------------+----------------+----------------------+
; Parameter Name         ; Value          ; Type                 ;
+------------------------+----------------+----------------------+
; LPM_WIDTH              ; 8              ; Signed Integer       ;
; LPM_WIDTHAD            ; 8              ; Signed Integer       ;
; LPM_NUMWORDS           ; 0              ; Signed Integer       ;
; LPM_INDATA             ; REGISTERED     ; Untyped              ;
; LPM_ADDRESS_CONTROL    ; REGISTERED     ; Untyped              ;
; LPM_OUTDATA            ; REGISTERED     ; Untyped              ;
; LPM_FILE               ; lab7_ram12.mif ; Untyped              ;
; USE_EAB                ; ON             ; Untyped              ;
; DEVICE_FAMILY          ; Cyclone IV E   ; Untyped              ;
; CBXI_PARAMETER         ; NOTHING        ; Untyped              ;
; AUTO_CARRY_CHAINS      ; ON             ; AUTO_CARRY           ;
; IGNORE_CARRY_BUFFERS   ; OFF            ; IGNORE_CARRY         ;
; AUTO_CASCADE_CHAINS    ; ON             ; AUTO_CASCADE         ;
; IGNORE_CASCADE_BUFFERS ; OFF            ; IGNORE_CASCADE       ;
+------------------------+----------------+----------------------+
Note: In order to hide this table in the UI and the text report file, please set the "Show Parameter Settings in Synthesis Report" option in "Analysis and Synthesis Settings -> More Settings" to "Off".


+----------------------------------------------------------------+
; Parameter Settings for User Entity Instance: f25lab7_useq:USeq ;
+----------------+---------+-------------------------------------+
; Parameter Name ; Value   ; Type                                ;
+----------------+---------+-------------------------------------+
; urom_width     ; 29      ; Signed Integer                      ;
; urom_file      ; ROM.mif ; String                              ;
+----------------+---------+-------------------------------------+
Note: In order to hide this table in the UI and the text report file, please set the "Show Parameter Settings in Synthesis Report" option in "Analysis and Synthesis Settings -> More Settings" to "Off".


+--------------------------------------------------------------------------------+
; Parameter Settings for User Entity Instance: f25lab7_useq:USeq|LPM_MUX:uPC_mux ;
+------------------------+--------------+----------------------------------------+
; Parameter Name         ; Value        ; Type                                   ;
+------------------------+--------------+----------------------------------------+
; AUTO_CARRY_CHAINS      ; ON           ; AUTO_CARRY                             ;
; IGNORE_CARRY_BUFFERS   ; OFF          ; IGNORE_CARRY                           ;
; AUTO_CASCADE_CHAINS    ; ON           ; AUTO_CASCADE                           ;
; IGNORE_CASCADE_BUFFERS ; OFF          ; IGNORE_CASCADE                         ;
; LPM_WIDTH              ; 8            ; Signed Integer                         ;
; LPM_SIZE               ; 2            ; Signed Integer                         ;
; LPM_WIDTHS             ; 1            ; Signed Integer                         ;
; LPM_PIPELINE           ; 0            ; Signed Integer                         ;
; CBXI_PARAMETER         ; mux_p7e      ; Untyped                                ;
; DEVICE_FAMILY          ; Cyclone IV E ; Untyped                                ;
+------------------------+--------------+----------------------------------------+
Note: In order to hide this table in the UI and the text report file, please set the "Show Parameter Settings in Synthesis Report" option in "Analysis and Synthesis Settings -> More Settings" to "Off".


+---------------------------------------------------------------------------+
; Parameter Settings for User Entity Instance: f25lab7_useq:USeq|LPM_FF:uPC ;
+------------------------+--------------+-----------------------------------+
; Parameter Name         ; Value        ; Type                              ;
+------------------------+--------------+-----------------------------------+
; LPM_WIDTH              ; 8            ; Signed Integer                    ;
; LPM_AVALUE             ; UNUSED       ; Untyped                           ;
; LPM_SVALUE             ; UNUSED       ; Untyped                           ;
; LPM_FFTYPE             ; DFF          ; Untyped                           ;
; DEVICE_FAMILY          ; Cyclone IV E ; Untyped                           ;
; CBXI_PARAMETER         ; NOTHING      ; Untyped                           ;
; AUTO_CARRY_CHAINS      ; ON           ; AUTO_CARRY                        ;
; IGNORE_CARRY_BUFFERS   ; OFF          ; IGNORE_CARRY                      ;
; AUTO_CASCADE_CHAINS    ; ON           ; AUTO_CASCADE                      ;
; IGNORE_CASCADE_BUFFERS ; OFF          ; IGNORE_CASCADE                    ;
+------------------------+--------------+-----------------------------------+
Note: In order to hide this table in the UI and the text report file, please set the "Show Parameter Settings in Synthesis Report" option in "Analysis and Synthesis Settings -> More Settings" to "Off".


+-----------------------------------------------------------------------------+
; Parameter Settings for User Entity Instance: f25lab7_useq:USeq|LPM_ROM:uROM ;
+------------------------+--------------+-------------------------------------+
; Parameter Name         ; Value        ; Type                                ;
+------------------------+--------------+-------------------------------------+
; LPM_WIDTH              ; 29           ; Signed Integer                      ;
; LPM_WIDTHAD            ; 8            ; Signed Integer                      ;
; LPM_NUMWORDS           ; 0            ; Signed Integer                      ;
; LPM_ADDRESS_CONTROL    ; REGISTERED   ; Untyped                             ;
; LPM_OUTDATA            ; REGISTERED   ; Untyped                             ;
; LPM_FILE               ; ROM.mif      ; Untyped                             ;
; DEVICE_FAMILY          ; Cyclone IV E ; Untyped                             ;
; AUTO_CARRY_CHAINS      ; ON           ; AUTO_CARRY                          ;
; IGNORE_CARRY_BUFFERS   ; OFF          ; IGNORE_CARRY                        ;
; AUTO_CASCADE_CHAINS    ; ON           ; AUTO_CASCADE                        ;
; IGNORE_CASCADE_BUFFERS ; OFF          ; IGNORE_CASCADE                      ;
+------------------------+--------------+-------------------------------------+
Note: In order to hide this table in the UI and the text report file, please set the "Show Parameter Settings in Synthesis Report" option in "Analysis and Synthesis Settings -> More Settings" to "Off".


+--------------------------------------------------------------+
; Parameter Settings for User Entity Instance: LPM_MUX:MUX_MDR ;
+------------------------+--------------+----------------------+
; Parameter Name         ; Value        ; Type                 ;
+------------------------+--------------+----------------------+
; AUTO_CARRY_CHAINS      ; ON           ; AUTO_CARRY           ;
; IGNORE_CARRY_BUFFERS   ; OFF          ; IGNORE_CARRY         ;
; AUTO_CASCADE_CHAINS    ; ON           ; AUTO_CASCADE         ;
; IGNORE_CASCADE_BUFFERS ; OFF          ; IGNORE_CASCADE       ;
; LPM_WIDTH              ; 8            ; Signed Integer       ;
; LPM_SIZE               ; 2            ; Signed Integer       ;
; LPM_WIDTHS             ; 1            ; Signed Integer       ;
; LPM_PIPELINE           ; 0            ; Signed Integer       ;
; CBXI_PARAMETER         ; mux_p7e      ; Untyped              ;
; DEVICE_FAMILY          ; Cyclone IV E ; Untyped              ;
+------------------------+--------------+----------------------+
Note: In order to hide this table in the UI and the text report file, please set the "Show Parameter Settings in Synthesis Report" option in "Analysis and Synthesis Settings -> More Settings" to "Off".


+-------------------------------------------------------------+
; Parameter Settings for User Entity Instance: LPM_MUX:MUX_R0 ;
+------------------------+--------------+---------------------+
; Parameter Name         ; Value        ; Type                ;
+------------------------+--------------+---------------------+
; AUTO_CARRY_CHAINS      ; ON           ; AUTO_CARRY          ;
; IGNORE_CARRY_BUFFERS   ; OFF          ; IGNORE_CARRY        ;
; AUTO_CASCADE_CHAINS    ; ON           ; AUTO_CASCADE        ;
; IGNORE_CASCADE_BUFFERS ; OFF          ; IGNORE_CASCADE      ;
; LPM_WIDTH              ; 8            ; Signed Integer      ;
; LPM_SIZE               ; 2            ; Signed Integer      ;
; LPM_WIDTHS             ; 1            ; Signed Integer      ;
; LPM_PIPELINE           ; 0            ; Signed Integer      ;
; CBXI_PARAMETER         ; mux_p7e      ; Untyped             ;
; DEVICE_FAMILY          ; Cyclone IV E ; Untyped             ;
+------------------------+--------------+---------------------+
Note: In order to hide this table in the UI and the text report file, please set the "Show Parameter Settings in Synthesis Report" option in "Analysis and Synthesis Settings -> More Settings" to "Off".


+-------------------------------------------------------------+
; Parameter Settings for User Entity Instance: LPM_MUX:MUX_R1 ;
+------------------------+--------------+---------------------+
; Parameter Name         ; Value        ; Type                ;
+------------------------+--------------+---------------------+
; AUTO_CARRY_CHAINS      ; ON           ; AUTO_CARRY          ;
; IGNORE_CARRY_BUFFERS   ; OFF          ; IGNORE_CARRY        ;
; AUTO_CASCADE_CHAINS    ; ON           ; AUTO_CASCADE        ;
; IGNORE_CASCADE_BUFFERS ; OFF          ; IGNORE_CASCADE      ;
; LPM_WIDTH              ; 8            ; Signed Integer      ;
; LPM_SIZE               ; 2            ; Signed Integer      ;
; LPM_WIDTHS             ; 1            ; Signed Integer      ;
; LPM_PIPELINE           ; 0            ; Signed Integer      ;
; CBXI_PARAMETER         ; mux_p7e      ; Untyped             ;
; DEVICE_FAMILY          ; Cyclone IV E ; Untyped             ;
+------------------------+--------------+---------------------+
Note: In order to hide this table in the UI and the text report file, please set the "Show Parameter Settings in Synthesis Report" option in "Analysis and Synthesis Settings -> More Settings" to "Off".


+--------------------------------------------------------------+
; Parameter Settings for User Entity Instance: LPM_MUX:MUX_MAR ;
+------------------------+--------------+----------------------+
; Parameter Name         ; Value        ; Type                 ;
+------------------------+--------------+----------------------+
; AUTO_CARRY_CHAINS      ; ON           ; AUTO_CARRY           ;
; IGNORE_CARRY_BUFFERS   ; OFF          ; IGNORE_CARRY         ;
; AUTO_CASCADE_CHAINS    ; ON           ; AUTO_CASCADE         ;
; IGNORE_CASCADE_BUFFERS ; OFF          ; IGNORE_CASCADE       ;
; LPM_WIDTH              ; 8            ; Signed Integer       ;
; LPM_SIZE               ; 4            ; Signed Integer       ;
; LPM_WIDTHS             ; 2            ; Signed Integer       ;
; LPM_PIPELINE           ; 0            ; Signed Integer       ;
; CBXI_PARAMETER         ; mux_s7e      ; Untyped              ;
; DEVICE_FAMILY          ; Cyclone IV E ; Untyped              ;
+------------------------+--------------+----------------------+
Note: In order to hide this table in the UI and the text report file, please set the "Show Parameter Settings in Synthesis Report" option in "Analysis and Synthesis Settings -> More Settings" to "Off".


+------------------------------------------------------------+
; Parameter Settings for User Entity Instance: LPM_MUX:MUX_C ;
+------------------------+--------------+--------------------+
; Parameter Name         ; Value        ; Type               ;
+------------------------+--------------+--------------------+
; AUTO_CARRY_CHAINS      ; ON           ; AUTO_CARRY         ;
; IGNORE_CARRY_BUFFERS   ; OFF          ; IGNORE_CARRY       ;
; AUTO_CASCADE_CHAINS    ; ON           ; AUTO_CASCADE       ;
; IGNORE_CASCADE_BUFFERS ; OFF          ; IGNORE_CASCADE     ;
; LPM_WIDTH              ; 8            ; Signed Integer     ;
; LPM_SIZE               ; 2            ; Signed Integer     ;
; LPM_WIDTHS             ; 1            ; Signed Integer     ;
; LPM_PIPELINE           ; 0            ; Signed Integer     ;
; CBXI_PARAMETER         ; mux_p7e      ; Untyped            ;
; DEVICE_FAMILY          ; Cyclone IV E ; Untyped            ;
+------------------------+--------------+--------------------+
Note: In order to hide this table in the UI and the text report file, please set the "Show Parameter Settings in Synthesis Report" option in "Analysis and Synthesis Settings -> More Settings" to "Off".


+------------------------------------------------------------+
; Parameter Settings for User Entity Instance: LPM_MUX:MUX_D ;
+------------------------+--------------+--------------------+
; Parameter Name         ; Value        ; Type               ;
+------------------------+--------------+--------------------+
; AUTO_CARRY_CHAINS      ; ON           ; AUTO_CARRY         ;
; IGNORE_CARRY_BUFFERS   ; OFF          ; IGNORE_CARRY       ;
; AUTO_CASCADE_CHAINS    ; ON           ; AUTO_CASCADE       ;
; IGNORE_CASCADE_BUFFERS ; OFF          ; IGNORE_CASCADE     ;
; LPM_WIDTH              ; 8            ; Signed Integer     ;
; LPM_SIZE               ; 2            ; Signed Integer     ;
; LPM_WIDTHS             ; 1            ; Signed Integer     ;
; LPM_PIPELINE           ; 0            ; Signed Integer     ;
; CBXI_PARAMETER         ; mux_p7e      ; Untyped            ;
; DEVICE_FAMILY          ; Cyclone IV E ; Untyped            ;
+------------------------+--------------+--------------------+
Note: In order to hide this table in the UI and the text report file, please set the "Show Parameter Settings in Synthesis Report" option in "Analysis and Synthesis Settings -> More Settings" to "Off".


+------------------------------------------------------------+
; Parameter Settings for User Entity Instance: LPM_MUX:MUX_M ;
+------------------------+--------------+--------------------+
; Parameter Name         ; Value        ; Type               ;
+------------------------+--------------+--------------------+
; AUTO_CARRY_CHAINS      ; ON           ; AUTO_CARRY         ;
; IGNORE_CARRY_BUFFERS   ; OFF          ; IGNORE_CARRY       ;
; AUTO_CASCADE_CHAINS    ; ON           ; AUTO_CASCADE       ;
; IGNORE_CASCADE_BUFFERS ; OFF          ; IGNORE_CASCADE     ;
; LPM_WIDTH              ; 8            ; Signed Integer     ;
; LPM_SIZE               ; 2            ; Signed Integer     ;
; LPM_WIDTHS             ; 1            ; Signed Integer     ;
; LPM_PIPELINE           ; 0            ; Signed Integer     ;
; CBXI_PARAMETER         ; mux_p7e      ; Untyped            ;
; DEVICE_FAMILY          ; Cyclone IV E ; Untyped            ;
+------------------------+--------------+--------------------+
Note: In order to hide this table in the UI and the text report file, please set the "Show Parameter Settings in Synthesis Report" option in "Analysis and Synthesis Settings -> More Settings" to "Off".


+------------------------------------------------------------+
; Parameter Settings for User Entity Instance: LPM_MUX:MUX_Z ;
+------------------------+--------------+--------------------+
; Parameter Name         ; Value        ; Type               ;
+------------------------+--------------+--------------------+
; AUTO_CARRY_CHAINS      ; ON           ; AUTO_CARRY         ;
; IGNORE_CARRY_BUFFERS   ; OFF          ; IGNORE_CARRY       ;
; AUTO_CASCADE_CHAINS    ; ON           ; AUTO_CASCADE       ;
; IGNORE_CASCADE_BUFFERS ; OFF          ; IGNORE_CASCADE     ;
; LPM_WIDTH              ; 1            ; Signed Integer     ;
; LPM_SIZE               ; 2            ; Signed Integer     ;
; LPM_WIDTHS             ; 1            ; Signed Integer     ;
; LPM_PIPELINE           ; 0            ; Signed Integer     ;
; CBXI_PARAMETER         ; mux_i7e      ; Untyped            ;
; DEVICE_FAMILY          ; Cyclone IV E ; Untyped            ;
+------------------------+--------------+--------------------+
Note: In order to hide this table in the UI and the text report file, please set the "Show Parameter Settings in Synthesis Report" option in "Analysis and Synthesis Settings -> More Settings" to "Off".


+--------------------------------------------------------------------------------------------------------------------------+
; Port Connectivity Checks: "f25lab7_useq:USeq"                                                                            ;
+----------------+--------+----------+-------------------------------------------------------------------------------------+
; Port           ; Type   ; Severity ; Details                                                                             ;
+----------------+--------+----------+-------------------------------------------------------------------------------------+
; uop[2]         ; Output ; Info     ; Connected to dangling logic. Logic that only feeds a dangling port will be removed. ;
; debug_map_addr ; Output ; Info     ; Connected to dangling logic. Logic that only feeds a dangling port will be removed. ;
; enable         ; Input  ; Info     ; Stuck at VCC                                                                        ;
; clear          ; Input  ; Info     ; Stuck at GND                                                                        ;
+----------------+--------+----------+-------------------------------------------------------------------------------------+


+-------------------------------+
; Elapsed Time Per Partition    ;
+----------------+--------------+
; Partition Name ; Elapsed Time ;
+----------------+--------------+
; Top            ; 00:00:01     ;
+----------------+--------------+


+-------------------------------+
; Analysis & Synthesis Messages ;
+-------------------------------+
Info: *******************************************************************
Info: Running Quartus II 64-Bit Analysis & Synthesis
    Info: Version 13.1.0 Build 162 10/23/2013 SJ Web Edition
    Info: Processing started: Wed Dec 17 18:39:02 2025
Info: Command: quartus_map --read_settings_files=on --write_settings_files=off lab7part3 -c lab7part3
Info (11104): Parallel Compilation has detected 20 hyper-threaded processors. However, the extra hyper-threaded processors will not be used by default. Parallel Compilation will use 14 of the 14 physical processors detected instead.
Info (12021): Found 2 design units, including 1 entities, in source file lab7part3.vhd
    Info (12022): Found design unit 1: lab7part3-structural
    Info (12023): Found entity 1: lab7part3
Info (12127): Elaborating entity "lab7part3" for the top level hierarchy
Warning (10036): Verilog HDL or VHDL warning at lab7part3.vhd(58): object "im_sel" assigned a value but never read
Info (12128): Elaborating entity "LPM_ADD_SUB" for hierarchy "LPM_ADD_SUB:ALU"
Info (12130): Elaborated megafunction instantiation "LPM_ADD_SUB:ALU"
Info (12133): Instantiated megafunction "LPM_ADD_SUB:ALU" with the following parameter:
    Info (12134): Parameter "LPM_WIDTH" = "8"
    Info (12134): Parameter "LPM_DIRECTION" = "UNUSED"
    Info (12134): Parameter "LPM_REPRESENTATION" = "SIGNED"
    Info (12134): Parameter "LPM_PIPELINE" = "0"
    Info (12134): Parameter "LPM_TYPE" = "LPM_ADD_SUB"
    Info (12134): Parameter "LPM_HINT" = "UNUSED"
Info (12021): Found 1 design units, including 1 entities, in source file db/add_sub_i9f.tdf
    Info (12023): Found entity 1: add_sub_i9f
Info (12128): Elaborating entity "add_sub_i9f" for hierarchy "LPM_ADD_SUB:ALU|add_sub_i9f:auto_generated"
Info (12128): Elaborating entity "LPM_FF" for hierarchy "LPM_FF:MAR"
Info (12130): Elaborated megafunction instantiation "LPM_FF:MAR"
Info (12133): Instantiated megafunction "LPM_FF:MAR" with the following parameter:
    Info (12134): Parameter "LPM_WIDTH" = "8"
    Info (12134): Parameter "LPM_AVALUE" = "UNUSED"
    Info (12134): Parameter "LPM_SVALUE" = "UNUSED"
    Info (12134): Parameter "LPM_PVALUE" = "UNUSED"
    Info (12134): Parameter "LPM_FFTYPE" = "DFF"
    Info (12134): Parameter "LPM_TYPE" = "LPM_FF"
    Info (12134): Parameter "LPM_HINT" = "UNUSED"
Info (12128): Elaborating entity "LPM_COUNTER" for hierarchy "LPM_COUNTER:PC"
Info (12130): Elaborated megafunction instantiation "LPM_COUNTER:PC"
Info (12133): Instantiated megafunction "LPM_COUNTER:PC" with the following parameter:
    Info (12134): Parameter "LPM_WIDTH" = "8"
    Info (12134): Parameter "LPM_MODULUS" = "0"
    Info (12134): Parameter "LPM_DIRECTION" = "UNUSED"
    Info (12134): Parameter "LPM_AVALUE" = "UNUSED"
    Info (12134): Parameter "LPM_SVALUE" = "UNUSED"
    Info (12134): Parameter "LPM_PORT_UPDOWN" = "PORT_CONNECTIVITY"
    Info (12134): Parameter "LPM_PVALUE" = "UNUSED"
    Info (12134): Parameter "LPM_TYPE" = "LPM_COUNTER"
    Info (12134): Parameter "LPM_HINT" = "UNUSED"
Info (12021): Found 1 design units, including 1 entities, in source file db/cntr_ckj.tdf
    Info (12023): Found entity 1: cntr_ckj
Info (12128): Elaborating entity "cntr_ckj" for hierarchy "LPM_COUNTER:PC|cntr_ckj:auto_generated"
Info (12128): Elaborating entity "LPM_COUNTER" for hierarchy "LPM_COUNTER:SP"
Info (12130): Elaborated megafunction instantiation "LPM_COUNTER:SP"
Info (12133): Instantiated megafunction "LPM_COUNTER:SP" with the following parameter:
    Info (12134): Parameter "LPM_WIDTH" = "8"
    Info (12134): Parameter "LPM_MODULUS" = "0"
    Info (12134): Parameter "LPM_DIRECTION" = "UNUSED"
    Info (12134): Parameter "LPM_AVALUE" = "UNUSED"
    Info (12134): Parameter "LPM_SVALUE" = "UNUSED"
    Info (12134): Parameter "LPM_PORT_UPDOWN" = "PORT_CONNECTIVITY"
    Info (12134): Parameter "LPM_PVALUE" = "UNUSED"
    Info (12134): Parameter "LPM_TYPE" = "LPM_COUNTER"
    Info (12134): Parameter "LPM_HINT" = "UNUSED"
Info (12021): Found 1 design units, including 1 entities, in source file db/cntr_9ak.tdf
    Info (12023): Found entity 1: cntr_9ak
Info (12128): Elaborating entity "cntr_9ak" for hierarchy "LPM_COUNTER:SP|cntr_9ak:auto_generated"
Info (12128): Elaborating entity "LPM_FF" for hierarchy "LPM_FF:IR"
Info (12130): Elaborated megafunction instantiation "LPM_FF:IR"
Info (12133): Instantiated megafunction "LPM_FF:IR" with the following parameter:
    Info (12134): Parameter "LPM_WIDTH" = "8"
    Info (12134): Parameter "LPM_AVALUE" = "UNUSED"
    Info (12134): Parameter "LPM_SVALUE" = "UNUSED"
    Info (12134): Parameter "LPM_PVALUE" = "UNUSED"
    Info (12134): Parameter "LPM_FFTYPE" = "DFF"
    Info (12134): Parameter "LPM_TYPE" = "LPM_FF"
    Info (12134): Parameter "LPM_HINT" = "UNUSED"
Info (12128): Elaborating entity "LPM_FF" for hierarchy "LPM_FF:Z"
Info (12130): Elaborated megafunction instantiation "LPM_FF:Z"
Info (12133): Instantiated megafunction "LPM_FF:Z" with the following parameter:
    Info (12134): Parameter "LPM_WIDTH" = "1"
    Info (12134): Parameter "LPM_AVALUE" = "UNUSED"
    Info (12134): Parameter "LPM_SVALUE" = "UNUSED"
    Info (12134): Parameter "LPM_PVALUE" = "UNUSED"
    Info (12134): Parameter "LPM_FFTYPE" = "DFF"
    Info (12134): Parameter "LPM_TYPE" = "LPM_FF"
    Info (12134): Parameter "LPM_HINT" = "UNUSED"
Info (12128): Elaborating entity "LPM_RAM_DQ" for hierarchy "LPM_RAM_DQ:MEMORY"
Info (12130): Elaborated megafunction instantiation "LPM_RAM_DQ:MEMORY"
Info (12133): Instantiated megafunction "LPM_RAM_DQ:MEMORY" with the following parameter:
    Info (12134): Parameter "LPM_WIDTH" = "8"
    Info (12134): Parameter "LPM_WIDTHAD" = "8"
    Info (12134): Parameter "LPM_NUMWORDS" = "0"
    Info (12134): Parameter "LPM_INDATA" = "REGISTERED"
    Info (12134): Parameter "LPM_ADDRESS_CONTROL" = "REGISTERED"
    Info (12134): Parameter "LPM_OUTDATA" = "REGISTERED"
    Info (12134): Parameter "LPM_FILE" = "lab7_ram12.mif"
    Info (12134): Parameter "LPM_TYPE" = "LPM_RAM_DQ"
    Info (12134): Parameter "USE_EAB" = "ON"
    Info (12134): Parameter "INTENDED_DEVICE_FAMILY" = "UNUSED"
    Info (12134): Parameter "LPM_HINT" = "UNUSED"
Info (12128): Elaborating entity "altram" for hierarchy "LPM_RAM_DQ:MEMORY|altram:sram"
Warning (287001): Assertion warning: altram does not support Cyclone IV E device family -- attempting best-case memory conversions, but power-up states and read during write behavior will be different for Cyclone IV E devices
Info (12131): Elaborated megafunction instantiation "LPM_RAM_DQ:MEMORY|altram:sram", which is child of megafunction instantiation "LPM_RAM_DQ:MEMORY"
Info (12128): Elaborating entity "altsyncram" for hierarchy "LPM_RAM_DQ:MEMORY|altram:sram|altsyncram:ram_block"
Info (12131): Elaborated megafunction instantiation "LPM_RAM_DQ:MEMORY|altram:sram|altsyncram:ram_block", which is child of megafunction instantiation "LPM_RAM_DQ:MEMORY"
Info (12021): Found 1 design units, including 1 entities, in source file db/altsyncram_qu91.tdf
    Info (12023): Found entity 1: altsyncram_qu91
Info (12128): Elaborating entity "altsyncram_qu91" for hierarchy "LPM_RAM_DQ:MEMORY|altram:sram|altsyncram:ram_block|altsyncram_qu91:auto_generated"
Warning (113031): 14 out of 256 addresses are reinitialized. The latest initialized data will replace the existing data. There are 14 warnings found, and 10 warnings are reported.
    Warning (113030): Memory Initialization File address 0 is reinitialized
    Warning (113030): Memory Initialization File address 1 is reinitialized
    Warning (113030): Memory Initialization File address 2 is reinitialized
    Warning (113030): Memory Initialization File address 3 is reinitialized
    Warning (113030): Memory Initialization File address 4 is reinitialized
    Warning (113030): Memory Initialization File address 5 is reinitialized
    Warning (113030): Memory Initialization File address 6 is reinitialized
    Warning (113030): Memory Initialization File address 7 is reinitialized
    Warning (113030): Memory Initialization File address 8 is reinitialized
    Warning (113030): Memory Initialization File address 9 is reinitialized
Warning (12125): Using design file f25lab7_useq.vhd, which is not specified as a design file for the current project, but contains definitions for 2 design units and 1 entities in project
    Info (12022): Found design unit 1: f25lab7_useq-structural
    Info (12023): Found entity 1: f25lab7_useq
Info (12128): Elaborating entity "f25lab7_useq" for hierarchy "f25lab7_useq:USeq"
Info (12128): Elaborating entity "LPM_MUX" for hierarchy "f25lab7_useq:USeq|LPM_MUX:uPC_mux"
Info (12130): Elaborated megafunction instantiation "f25lab7_useq:USeq|LPM_MUX:uPC_mux"
Info (12133): Instantiated megafunction "f25lab7_useq:USeq|LPM_MUX:uPC_mux" with the following parameter:
    Info (12134): Parameter "LPM_WIDTH" = "8"
    Info (12134): Parameter "LPM_SIZE" = "2"
    Info (12134): Parameter "LPM_WIDTHS" = "1"
    Info (12134): Parameter "LPM_PIPELINE" = "0"
    Info (12134): Parameter "LPM_TYPE" = "LPM_MUX"
    Info (12134): Parameter "LPM_HINT" = "UNUSED"
Info (12021): Found 1 design units, including 1 entities, in source file db/mux_p7e.tdf
    Info (12023): Found entity 1: mux_p7e
Info (12128): Elaborating entity "mux_p7e" for hierarchy "f25lab7_useq:USeq|LPM_MUX:uPC_mux|mux_p7e:auto_generated"
Info (12128): Elaborating entity "LPM_FF" for hierarchy "f25lab7_useq:USeq|LPM_FF:uPC"
Info (12130): Elaborated megafunction instantiation "f25lab7_useq:USeq|LPM_FF:uPC"
Info (12133): Instantiated megafunction "f25lab7_useq:USeq|LPM_FF:uPC" with the following parameter:
    Info (12134): Parameter "LPM_WIDTH" = "8"
    Info (12134): Parameter "LPM_AVALUE" = "UNUSED"
    Info (12134): Parameter "LPM_SVALUE" = "UNUSED"
    Info (12134): Parameter "LPM_PVALUE" = "UNUSED"
    Info (12134): Parameter "LPM_FFTYPE" = "DFF"
    Info (12134): Parameter "LPM_TYPE" = "LPM_FF"
    Info (12134): Parameter "LPM_HINT" = "UNUSED"
Info (12128): Elaborating entity "LPM_ROM" for hierarchy "f25lab7_useq:USeq|LPM_ROM:uROM"
Info (12130): Elaborated megafunction instantiation "f25lab7_useq:USeq|LPM_ROM:uROM"
Info (12133): Instantiated megafunction "f25lab7_useq:USeq|LPM_ROM:uROM" with the following parameter:
    Info (12134): Parameter "LPM_WIDTH" = "29"
    Info (12134): Parameter "LPM_WIDTHAD" = "8"
    Info (12134): Parameter "LPM_NUMWORDS" = "0"
    Info (12134): Parameter "LPM_ADDRESS_CONTROL" = "REGISTERED"
    Info (12134): Parameter "LPM_OUTDATA" = "REGISTERED"
    Info (12134): Parameter "LPM_FILE" = "ROM.mif"
    Info (12134): Parameter "LPM_TYPE" = "LPM_ROM"
    Info (12134): Parameter "INTENDED_DEVICE_FAMILY" = "UNUSED"
    Info (12134): Parameter "LPM_HINT" = "UNUSED"
Info (12128): Elaborating entity "altrom" for hierarchy "f25lab7_useq:USeq|LPM_ROM:uROM|altrom:srom"
Info (12131): Elaborated megafunction instantiation "f25lab7_useq:USeq|LPM_ROM:uROM|altrom:srom", which is child of megafunction instantiation "f25lab7_useq:USeq|LPM_ROM:uROM"
Info (12128): Elaborating entity "altsyncram" for hierarchy "f25lab7_useq:USeq|LPM_ROM:uROM|altrom:srom|altsyncram:rom_block"
Info (12131): Elaborated megafunction instantiation "f25lab7_useq:USeq|LPM_ROM:uROM|altrom:srom|altsyncram:rom_block", which is child of megafunction instantiation "f25lab7_useq:USeq|LPM_ROM:uROM"
Info (12021): Found 1 design units, including 1 entities, in source file db/altsyncram_qsv.tdf
    Info (12023): Found entity 1: altsyncram_qsv
Info (12128): Elaborating entity "altsyncram_qsv" for hierarchy "f25lab7_useq:USeq|LPM_ROM:uROM|altrom:srom|altsyncram:rom_block|altsyncram_qsv:auto_generated"
Info (12128): Elaborating entity "LPM_MUX" for hierarchy "LPM_MUX:MUX_MDR"
Info (12130): Elaborated megafunction instantiation "LPM_MUX:MUX_MDR"
Info (12133): Instantiated megafunction "LPM_MUX:MUX_MDR" with the following parameter:
    Info (12134): Parameter "LPM_WIDTH" = "8"
    Info (12134): Parameter "LPM_SIZE" = "2"
    Info (12134): Parameter "LPM_WIDTHS" = "1"
    Info (12134): Parameter "LPM_PIPELINE" = "0"
    Info (12134): Parameter "LPM_TYPE" = "LPM_MUX"
    Info (12134): Parameter "LPM_HINT" = "UNUSED"
Info (12128): Elaborating entity "LPM_MUX" for hierarchy "LPM_MUX:MUX_MAR"
Info (12130): Elaborated megafunction instantiation "LPM_MUX:MUX_MAR"
Info (12133): Instantiated megafunction "LPM_MUX:MUX_MAR" with the following parameter:
    Info (12134): Parameter "LPM_WIDTH" = "8"
    Info (12134): Parameter "LPM_SIZE" = "4"
    Info (12134): Parameter "LPM_WIDTHS" = "2"
    Info (12134): Parameter "LPM_PIPELINE" = "0"
    Info (12134): Parameter "LPM_TYPE" = "LPM_MUX"
    Info (12134): Parameter "LPM_HINT" = "UNUSED"
Info (12021): Found 1 design units, including 1 entities, in source file db/mux_s7e.tdf
    Info (12023): Found entity 1: mux_s7e
Info (12128): Elaborating entity "mux_s7e" for hierarchy "LPM_MUX:MUX_MAR|mux_s7e:auto_generated"
Info (12128): Elaborating entity "LPM_MUX" for hierarchy "LPM_MUX:MUX_M"
Info (12130): Elaborated megafunction instantiation "LPM_MUX:MUX_M"
Info (12133): Instantiated megafunction "LPM_MUX:MUX_M" with the following parameter:
    Info (12134): Parameter "LPM_WIDTH" = "8"
    Info (12134): Parameter "LPM_SIZE" = "2"
    Info (12134): Parameter "LPM_WIDTHS" = "1"
    Info (12134): Parameter "LPM_PIPELINE" = "0"
    Info (12134): Parameter "LPM_TYPE" = "LPM_MUX"
    Info (12134): Parameter "LPM_HINT" = "UNUSED"
Info (12128): Elaborating entity "LPM_MUX" for hierarchy "LPM_MUX:MUX_Z"
Info (12130): Elaborated megafunction instantiation "LPM_MUX:MUX_Z"
Info (12133): Instantiated megafunction "LPM_MUX:MUX_Z" with the following parameter:
    Info (12134): Parameter "LPM_WIDTH" = "1"
    Info (12134): Parameter "LPM_SIZE" = "2"
    Info (12134): Parameter "LPM_WIDTHS" = "1"
    Info (12134): Parameter "LPM_PIPELINE" = "0"
    Info (12134): Parameter "LPM_TYPE" = "LPM_MUX"
    Info (12134): Parameter "LPM_HINT" = "UNUSED"
Info (12021): Found 1 design units, including 1 entities, in source file db/mux_i7e.tdf
    Info (12023): Found entity 1: mux_i7e
Info (12128): Elaborating entity "mux_i7e" for hierarchy "LPM_MUX:MUX_Z|mux_i7e:auto_generated"
Warning (12125): Using design file segment_decoder.vhd, which is not specified as a design file for the current project, but contains definitions for 2 design units and 1 entities in project
    Info (12022): Found design unit 1: segment_decoder-behavioral
    Info (12023): Found entity 1: segment_decoder
Info (12128): Elaborating entity "segment_decoder" for hierarchy "segment_decoder:R0_Display1"
Warning (14284): Synthesized away the following node(s):
    Warning (14285): Synthesized away the following RAM node(s):
        Warning (14320): Synthesized away node "f25lab7_useq:USeq|lpm_rom:uROM|altrom:srom|altsyncram:rom_block|altsyncram_qsv:auto_generated|q_a[27]"
Warning (13046): Tri-state node(s) do not directly drive top-level pin(s)
    Warning (13049): Converted tri-state buffer "f25lab7_useq:USeq|lpm_rom:uROM|otri[28]" feeding internal logic into a wire
    Warning (13049): Converted tri-state buffer "f25lab7_useq:USeq|lpm_rom:uROM|otri[26]" feeding internal logic into a wire
    Warning (13049): Converted tri-state buffer "f25lab7_useq:USeq|lpm_rom:uROM|otri[25]" feeding internal logic into a wire
    Warning (13049): Converted tri-state buffer "f25lab7_useq:USeq|lpm_rom:uROM|otri[24]" feeding internal logic into a wire
    Warning (13049): Converted tri-state buffer "f25lab7_useq:USeq|lpm_rom:uROM|otri[23]" feeding internal logic into a wire
    Warning (13049): Converted tri-state buffer "f25lab7_useq:USeq|lpm_rom:uROM|otri[22]" feeding internal logic into a wire
    Warning (13049): Converted tri-state buffer "f25lab7_useq:USeq|lpm_rom:uROM|otri[21]" feeding internal logic into a wire
    Warning (13049): Converted tri-state buffer "f25lab7_useq:USeq|lpm_rom:uROM|otri[20]" feeding internal logic into a wire
    Warning (13049): Converted tri-state buffer "f25lab7_useq:USeq|lpm_rom:uROM|otri[19]" feeding internal logic into a wire
    Warning (13049): Converted tri-state buffer "f25lab7_useq:USeq|lpm_rom:uROM|otri[18]" feeding internal logic into a wire
    Warning (13049): Converted tri-state buffer "f25lab7_useq:USeq|lpm_rom:uROM|otri[17]" feeding internal logic into a wire
    Warning (13049): Converted tri-state buffer "f25lab7_useq:USeq|lpm_rom:uROM|otri[16]" feeding internal logic into a wire
    Warning (13049): Converted tri-state buffer "f25lab7_useq:USeq|lpm_rom:uROM|otri[15]" feeding internal logic into a wire
    Warning (13049): Converted tri-state buffer "f25lab7_useq:USeq|lpm_rom:uROM|otri[14]" feeding internal logic into a wire
    Warning (13049): Converted tri-state buffer "f25lab7_useq:USeq|lpm_rom:uROM|otri[13]" feeding internal logic into a wire
    Warning (13049): Converted tri-state buffer "f25lab7_useq:USeq|lpm_rom:uROM|otri[12]" feeding internal logic into a wire
    Warning (13049): Converted tri-state buffer "f25lab7_useq:USeq|lpm_rom:uROM|otri[11]" feeding internal logic into a wire
    Warning (13049): Converted tri-state buffer "f25lab7_useq:USeq|lpm_rom:uROM|otri[10]" feeding internal logic into a wire
    Warning (13049): Converted tri-state buffer "f25lab7_useq:USeq|lpm_rom:uROM|otri[9]" feeding internal logic into a wire
    Warning (13049): Converted tri-state buffer "f25lab7_useq:USeq|lpm_rom:uROM|otri[8]" feeding internal logic into a wire
    Warning (13049): Converted tri-state buffer "f25lab7_useq:USeq|lpm_rom:uROM|otri[7]" feeding internal logic into a wire
    Warning (13049): Converted tri-state buffer "f25lab7_useq:USeq|lpm_rom:uROM|otri[6]" feeding internal logic into a wire
    Warning (13049): Converted tri-state buffer "f25lab7_useq:USeq|lpm_rom:uROM|otri[5]" feeding internal logic into a wire
    Warning (13049): Converted tri-state buffer "f25lab7_useq:USeq|lpm_rom:uROM|otri[4]" feeding internal logic into a wire
    Warning (13049): Converted tri-state buffer "f25lab7_useq:USeq|lpm_rom:uROM|otri[3]" feeding internal logic into a wire
    Warning (13049): Converted tri-state buffer "f25lab7_useq:USeq|lpm_rom:uROM|otri[2]" feeding internal logic into a wire
    Warning (13049): Converted tri-state buffer "f25lab7_useq:USeq|lpm_rom:uROM|otri[1]" feeding internal logic into a wire
    Warning (13049): Converted tri-state buffer "f25lab7_useq:USeq|lpm_rom:uROM|otri[0]" feeding internal logic into a wire
Warning (13004): Presettable and clearable registers converted to equivalent circuits with latches. Registers power-up to an undefined state, and DEVCLRn places the registers in an undefined state.
    Warning (13310): Register "lpm_ff:IR|dffs[0]" is converted into an equivalent circuit using register "lpm_ff:IR|dffs[0]~_emulated" and latch "lpm_ff:IR|dffs[0]~1"
    Warning (13310): Register "lpm_ff:IR|dffs[4]" is converted into an equivalent circuit using register "lpm_ff:IR|dffs[4]~_emulated" and latch "lpm_ff:IR|dffs[4]~5"
    Warning (13310): Register "lpm_ff:IR|dffs[5]" is converted into an equivalent circuit using register "lpm_ff:IR|dffs[5]~_emulated" and latch "lpm_ff:IR|dffs[5]~9"
    Warning (13310): Register "lpm_ff:IR|dffs[6]" is converted into an equivalent circuit using register "lpm_ff:IR|dffs[6]~_emulated" and latch "lpm_ff:IR|dffs[6]~13"
    Warning (13310): Register "lpm_ff:IR|dffs[7]" is converted into an equivalent circuit using register "lpm_ff:IR|dffs[7]~_emulated" and latch "lpm_ff:IR|dffs[7]~17"
Info (286030): Timing-Driven Synthesis is running
Info (16010): Generating hard_block partition "hard_block:auto_generated_inst"
    Info (16011): Adding 0 node(s), including 0 DDIO, 0 PLL, 0 transceiver and 0 LCELL
Info (21057): Implemented 321 device resources after synthesis - the final resource count might be different
    Info (21058): Implemented 1 input pins
    Info (21059): Implemented 105 output pins
    Info (21061): Implemented 179 logic cells
    Info (21064): Implemented 36 RAM segments
Info: Quartus II 64-Bit Analysis & Synthesis was successful. 0 errors, 53 warnings
    Info: Peak virtual memory: 4762 megabytes
    Info: Processing ended: Wed Dec 17 18:39:11 2025
    Info: Elapsed time: 00:00:09
    Info: Total CPU time (on all processors): 00:00:08


